<?xml version="1.0" encoding="UTF-8"?>
<testng-results skipped="0" failed="0" total="1" passed="1">
  <reporter-output>
  </reporter-output>
  <suite name="Default suite" duration-ms="111482" started-at="2018-05-28T06:26:00Z" finished-at="2018-05-28T06:27:51Z">
    <groups>
    </groups>
    <test name="Default test" duration-ms="111482" started-at="2018-05-28T06:26:00Z" finished-at="2018-05-28T06:27:51Z">
      <class name="Demo.openExpedia">
        <test-method status="PASS" signature="guestLogin()[pri:0, instance:Demo.openExpedia@77caeb3e]" name="guestLogin" is-config="true" duration-ms="81812" started-at="2018-05-28T11:56:00Z" finished-at="2018-05-28T11:57:22Z">
          <reporter-output>
          </reporter-output>
        </test-method> <!-- guestLogin -->
        <test-method status="PASS" signature="invalidLogin()[pri:0, instance:Demo.openExpedia@77caeb3e]" name="invalidLogin" duration-ms="28967" started-at="2018-05-28T11:57:22Z" finished-at="2018-05-28T11:57:51Z">
          <reporter-output>
          </reporter-output>
        </test-method> <!-- invalidLogin -->
        <test-method status="PASS" signature="endTest()[pri:0, instance:Demo.openExpedia@77caeb3e]" name="endTest" is-config="true" duration-ms="636" started-at="2018-05-28T11:57:51Z" finished-at="2018-05-28T11:57:51Z">
          <reporter-output>
          </reporter-output>
        </test-method> <!-- endTest -->
      </class> <!-- Demo.openExpedia -->
    </test> <!-- Default test -->
  </suite> <!-- Default suite -->
</testng-results>
