<?xml version="1.0" encoding="UTF-8"?>
<testng-results total="1" passed="1" failed="0" skipped="0">
  <reporter-output>
  </reporter-output>
  <suite started-at="2018-05-27T07:54:48Z" name="Default suite" finished-at="2018-05-27T07:56:17Z" duration-ms="89723">
    <groups>
    </groups>
    <test started-at="2018-05-27T07:54:48Z" name="Default test" finished-at="2018-05-27T07:56:17Z" duration-ms="89723">
      <class name="Demo.openExpedia">
        <test-method is-config="true" signature="guestLogin()[pri:0, instance:Demo.openExpedia@17a7f733]" started-at="2018-05-27T13:24:48Z" name="guestLogin" finished-at="2018-05-27T13:25:53Z" duration-ms="65174" status="PASS">
          <reporter-output>
          </reporter-output>
        </test-method> <!-- guestLogin -->
        <test-method signature="invalidLogin()[pri:0, instance:Demo.openExpedia@17a7f733]" started-at="2018-05-27T13:25:53Z" name="invalidLogin" finished-at="2018-05-27T13:26:14Z" duration-ms="20839" status="PASS">
          <reporter-output>
          </reporter-output>
        </test-method> <!-- invalidLogin -->
        <test-method is-config="true" signature="endTest()[pri:0, instance:Demo.openExpedia@17a7f733]" started-at="2018-05-27T13:26:14Z" name="endTest" finished-at="2018-05-27T13:26:17Z" duration-ms="3688" status="PASS">
          <reporter-output>
          </reporter-output>
        </test-method> <!-- endTest -->
      </class> <!-- Demo.openExpedia -->
    </test> <!-- Default test -->
  </suite> <!-- Default suite -->
</testng-results>
